<?xml version="1.0" encoding="UTF-8"?>
<testng-results skipped="0" failed="0" ignored="0" total="2" passed="2">
  <reporter-output>
  </reporter-output>
  <suite name="Formacion" duration-ms="185" started-at="2021-09-27T14:49:18Z" finished-at="2021-09-27T14:49:18Z">
    <groups>
      <group name="MvnTest">
        <method signature="Test1.test()[pri:0, instance:testcases.Test1@1b68b9a4]" name="test" class="testcases.Test1"/>
        <method signature="Test2.test()[pri:0, instance:testcases.Test2@4f9a3314]" name="test" class="testcases.Test2"/>
      </group> <!-- MvnTest -->
    </groups>
    <test name="tests" duration-ms="185" started-at="2021-09-27T14:49:18Z" finished-at="2021-09-27T14:49:18Z">
      <class name="testcases.Test1">
        <test-method status="PASS" signature="test()[pri:0, instance:testcases.Test1@1b68b9a4]" name="test" duration-ms="66" started-at="2021-09-27T14:49:18Z" description="Test1" finished-at="2021-09-27T14:49:18Z">
          <reporter-output>
          </reporter-output>
        </test-method> <!-- test -->
      </class> <!-- testcases.Test1 -->
      <class name="testcases.Test2">
        <test-method status="PASS" signature="test()[pri:0, instance:testcases.Test2@4f9a3314]" name="test" duration-ms="2" started-at="2021-09-27T14:49:18Z" description="Test2" finished-at="2021-09-27T14:49:18Z">
          <reporter-output>
          </reporter-output>
        </test-method> <!-- test -->
      </class> <!-- testcases.Test2 -->
    </test> <!-- tests -->
  </suite> <!-- Formacion -->
</testng-results>
