<?xml version="1.0" encoding="UTF-8"?>
<testng-results ignored="0" total="2" passed="2" failed="0" skipped="0">
  <reporter-output>
  </reporter-output>
  <suite started-at="2021-09-24T09:12:29Z" name="Formacion" finished-at="2021-09-24T09:12:29Z" duration-ms="225">
    <groups>
      <group name="MvnTest">
        <method signature="Test1.test()[pri:0, instance:testcases.Test1@1807f5a7]" name="test" class="testcases.Test1"/>
        <method signature="Test2.test()[pri:0, instance:testcases.Test2@1b919693]" name="test" class="testcases.Test2"/>
      </group> <!-- MvnTest -->
    </groups>
    <test started-at="2021-09-24T09:12:29Z" name="tests" finished-at="2021-09-24T09:12:29Z" duration-ms="225">
      <class name="testcases.Test1">
        <test-method signature="test()[pri:0, instance:testcases.Test1@1807f5a7]" started-at="2021-09-24T09:12:29Z" name="test" description="Test1" finished-at="2021-09-24T09:12:29Z" duration-ms="77" status="PASS">
          <reporter-output>
          </reporter-output>
        </test-method> <!-- test -->
      </class> <!-- testcases.Test1 -->
      <class name="testcases.Test2">
        <test-method signature="test()[pri:0, instance:testcases.Test2@1b919693]" started-at="2021-09-24T09:12:29Z" name="test" description="Test2" finished-at="2021-09-24T09:12:29Z" duration-ms="2" status="PASS">
          <reporter-output>
          </reporter-output>
        </test-method> <!-- test -->
      </class> <!-- testcases.Test2 -->
    </test> <!-- tests -->
  </suite> <!-- Formacion -->
</testng-results>
